[35m[Appium][39m Welcome to Appium v1.20.2
[35m[Appium][39m Non-default server args:
[35m[Appium][39m   port: 55499
[35m[Appium][39m   loglevel: info
[35m[Appium][39m   tmpDir: /var/folders/4r/20d2hxz525z0qp586xjwkpzh0000gn/T//Katalon/Appium/Temp1623879970489
[35m[Appium][39m   chromedriverPort: 55500
[35m[Appium][39m Deprecated server args:
[35m[Appium][39m   [31m--chromedriver-port[39m => --default-capabilities
[35m[Appium][39m Default capabilities, which will be added to each request unless overridden by desired capabilities:
[35m[Appium][39m   chromedriverPort: 55500
[35m[Appium][39m Appium REST http interface listener started on 0.0.0.0:55499
[35m[HTTP][39m [37m-->[39m [37mGET[39m [37m/wd/hub/status[39m
[35m[HTTP][39m [90m{}[39m
[35m[HTTP][39m [37m<-- GET /wd/hub/status [39m[32m200[39m [90m6 ms - 68[39m
[35m[HTTP][39m [90m[39m
[35m[HTTP][39m [37m-->[39m [37mGET[39m [37m/wd/hub/status[39m
[35m[HTTP][39m [90m{}[39m
[35m[HTTP][39m [37m<-- GET /wd/hub/status [39m[32m200[39m [90m1 ms - 68[39m
[35m[HTTP][39m [90m[39m
[35m[HTTP][39m [37m-->[39m [37mPOST[39m [37m/wd/hub/session[39m
[35m[HTTP][39m [90m{"desiredCapabilities":{"app":"/Users/mohammadarif/Documents/Automation Testing/Training APK/MaterialLoginExample.apk","noReset":true,"deviceId":"","deviceName":"ROKiT IO Pro (Android 9)","fullReset":false,"platform":"ANDROID","newCommandTimeout":1800,"platformVersion":"9","automationName":"uiautomator2","autoGrantPermissions":true,"platformName":"Android","udid":"IOPRO3D105120","systemPort":55511},"capabilities":{"firstMatch":[{"appium:app":"/Users/mohammadarif/Documents/Automation Testing/Training APK/MaterialLoginExample.apk","appium:autoGrantPermissions":true,"appium:automationName":"uiautomator2","deviceId":"","appium:deviceName":"ROKiT IO Pro (Android 9)","appium:fullReset":false,"appium:newCommandTimeout":1800,"appium:noReset":true,"platform":"ANDROID","platformName":"android","appium:platformVersion":"9","appium:systemPort":55511,"appium:udid":"IOPRO3D105120"}]}}[39m
[35m[BaseDriver][39m The following capabilities are not standard capabilities and should have an extension prefix:
[35m[BaseDriver][39m   deviceId
[35m[BaseDriver][39m   platform
[35m[BaseDriver][39m   chromedriverPort
[35m[Appium][39m Appium v1.20.2 creating new AndroidUiautomator2Driver (v1.61.2) session
[35m[BaseDriver][39m The following capabilities were provided, but are not recognized by Appium:
[35m[BaseDriver][39m   deviceId
[35m[BaseDriver][39m   platform
[35m[BaseDriver][39m Session created with session id: 7ec8da18-a81d-4dd0-b2c3-216792f0b9b0
[35m[BaseDriver][39m Using local app '/Users/mohammadarif/Documents/Automation Testing/Training APK/MaterialLoginExample.apk'
[35m[ADB][39m Found 1 'build-tools' folders under '/Users/mohammadarif/.katalon/tools/android_sdk' (newest first):
[35m[ADB][39m     /Users/mohammadarif/.katalon/tools/android_sdk/build-tools/29.0.3
[35m[ADB][39m Using 'adb' from '/Users/mohammadarif/.katalon/tools/android_sdk/platform-tools/adb'
[35m[AndroidDriver][39m Retrieving device list
[35m[AndroidDriver][39m Using device: IOPRO3D105120
[35m[ADB][39m Using 'adb' from '/Users/mohammadarif/.katalon/tools/android_sdk/platform-tools/adb'
[35m[ADB][39m Getting device platform version
[35m[UiAutomator2][39m Relaxing hidden api policy
[35m[ADB][39m Package name: 'com.sourcey.materialloginexample'
[35m[ADB][39m Main activity name: 'com.sourcey.materiallogindemo.LoginActivity'
[35m[ADB][39m The application at '/usr/local/lib/node_modules/appium/node_modules/io.appium.settings/apks/settings_apk-debug.apk' will not be cached, because the device under test has confirmed the support of streamed installs
[35m[ADB][39m Cannot install/upgrade 'io.appium.settings' because of 'Error executing adbExec. Original error: 'Command '/Users/mohammadarif/.katalon/tools/android_sdk/platform-tools/adb -P 5037 -s IOPRO3D105120 install -r -g /usr/local/lib/node_modules/appium/node_modules/io.appium.settings/apks/settings_apk-debug.apk' exited with code 1'; Stderr: 'adb: failed to install /usr/local/lib/node_modules/appium/node_modules/io.appium.settings/apks/settings_apk-debug.apk: Failure [INSTALL_FAILED_UPDATE_INCOMPATIBLE: Package io.appium.settings signatures do not match previously installed version; ignoring!]'; Code: '1''. Trying full reinstall
[35m[ADB][39m io.appium.settings was successfully uninstalled
[35m[ADB][39m The application at '/usr/local/lib/node_modules/appium/node_modules/io.appium.settings/apks/settings_apk-debug.apk' will not be cached, because the device under test has confirmed the support of streamed installs
[35m[ADB][39m The installation of 'settings_apk-debug.apk' took 1535ms
[35m[ADB][39m Using 'apksigner.jar' from '/Users/mohammadarif/.katalon/tools/android_sdk/build-tools/29.0.3/lib/apksigner.jar'
[35m[ADB][39m '/usr/local/lib/node_modules/appium/node_modules/appium-uiautomator2-server/apks/appium-uiautomator2-server-v4.17.4.apk' is signed with the default certificate
[35m[ADB][39m '/usr/local/lib/node_modules/appium/node_modules/appium-uiautomator2-server/apks/appium-uiautomator2-server-debug-androidTest.apk' is signed with the default certificate
[35m[UiAutomator2][39m Server packages are going to be (re)installed
[35m[ADB][39m The application at '/usr/local/lib/node_modules/appium/node_modules/appium-uiautomator2-server/apks/appium-uiautomator2-server-v4.17.4.apk' will not be cached, because the device under test has confirmed the support of streamed installs
[35m[ADB][39m The installation of 'appium-uiautomator2-server-v4.17.4.apk' took 1508ms
[35m[ADB][39m The application at '/usr/local/lib/node_modules/appium/node_modules/appium-uiautomator2-server/apks/appium-uiautomator2-server-debug-androidTest.apk' will not be cached, because the device under test has confirmed the support of streamed installs
[35m[ADB][39m The installation of 'appium-uiautomator2-server-debug-androidTest.apk' took 1535ms
[35m[ADB][39m Adding packages ["io.appium.settings","io.appium.uiautomator2.server","io.appium.uiautomator2.server.test"] to Doze whitelist
[35m[ADB][39m '/Users/mohammadarif/Documents/Automation Testing/Training APK/MaterialLoginExample.apk' is signed with the default certificate
[35m[ADB][39m The application at '/Users/mohammadarif/Documents/Automation Testing/Training APK/MaterialLoginExample.apk' will not be cached, because the device under test has confirmed the support of streamed installs
[35m[ADB][39m The installation of 'MaterialLoginExample.apk' took 1715ms
[35m[UiAutomator2][39m Starting UIAutomator2 server 4.17.4
[35m[UiAutomator2][39m Using UIAutomator2 server from '/usr/local/lib/node_modules/appium/node_modules/appium-uiautomator2-server/apks/appium-uiautomator2-server-v4.17.4.apk' and test from '/usr/local/lib/node_modules/appium/node_modules/appium-uiautomator2-server/apks/appium-uiautomator2-server-debug-androidTest.apk'
[35m[UiAutomator2][39m Waiting up to 30000ms for UiAutomator2 to be online...
[35m[WD Proxy][39m socket hang up
[35m[WD Proxy][39m socket hang up
[35m[WD Proxy][39m socket hang up
[35m[WD Proxy][39m socket hang up
[35m[WD Proxy][39m socket hang up
[35m[WD Proxy][39m Determined the downstream protocol as 'W3C'
[35m[AndroidDriver][39m Screen already unlocked, doing nothing
[35m[UiAutomator2][39m Starting 'com.sourcey.materialloginexample/com.sourcey.materiallogindemo.LoginActivity and waiting for 'com.sourcey.materialloginexample/com.sourcey.materiallogindemo.LoginActivity'
[35m[Appium][39m New AndroidUiautomator2Driver session created successfully, session 7ec8da18-a81d-4dd0-b2c3-216792f0b9b0 added to master session list
[35m[HTTP][39m [37m<-- POST /wd/hub/session [39m[32m200[39m [90m21501 ms - 1364[39m
[35m[HTTP][39m [90m[39m
[35m[HTTP][39m [37m-->[39m [37mGET[39m [37m/wd/hub/session/7ec8da18-a81d-4dd0-b2c3-216792f0b9b0[39m
[35m[HTTP][39m [90m{}[39m
[35m[HTTP][39m [37m<-- GET /wd/hub/session/7ec8da18-a81d-4dd0-b2c3-216792f0b9b0 [39m[32m200[39m [90m35 ms - 1318[39m
[35m[HTTP][39m [90m[39m
[35m[HTTP][39m [37m-->[39m [37mGET[39m [37m/wd/hub/session/7ec8da18-a81d-4dd0-b2c3-216792f0b9b0[39m
[35m[HTTP][39m [90m{}[39m
[35m[HTTP][39m [37m<-- GET /wd/hub/session/7ec8da18-a81d-4dd0-b2c3-216792f0b9b0 [39m[32m200[39m [90m33 ms - 1318[39m
[35m[HTTP][39m [90m[39m
[35m[HTTP][39m [37m-->[39m [37mGET[39m [37m/wd/hub/status[39m
[35m[HTTP][39m [90m{}[39m
[35m[HTTP][39m [37m<-- GET /wd/hub/status [39m[32m200[39m [90m1 ms - 68[39m
[35m[HTTP][39m [90m[39m
[35m[HTTP][39m [37m-->[39m [37mPOST[39m [37m/wd/hub/session/7ec8da18-a81d-4dd0-b2c3-216792f0b9b0/timeouts[39m
[35m[HTTP][39m [90m{"implicit":60000}[39m
[35m[HTTP][39m [37m<-- POST /wd/hub/session/7ec8da18-a81d-4dd0-b2c3-216792f0b9b0/timeouts [39m[32m200[39m [90m3 ms - 14[39m
[35m[HTTP][39m [90m[39m
[35m[HTTP][39m [37m-->[39m [37mGET[39m [37m/wd/hub/session/7ec8da18-a81d-4dd0-b2c3-216792f0b9b0/source[39m
[35m[HTTP][39m [90m{}[39m
[35m[W3C (7ec8da18)][39m Driver proxy active, passing request on via HTTP proxy
[35m[WD Proxy][39m Replacing sessionId 34c8b6da-cda9-4d26-842a-105d02c140fc with 7ec8da18-a81d-4dd0-b2c3-216792f0b9b0
[35m[HTTP][39m [37m<-- GET /wd/hub/session/7ec8da18-a81d-4dd0-b2c3-216792f0b9b0/source [39m[32m200[39m [90m322 ms - 7342[39m
[35m[HTTP][39m [90m[39m
[35m[HTTP][39m [37m-->[39m [37mGET[39m [37m/wd/hub/session/7ec8da18-a81d-4dd0-b2c3-216792f0b9b0/screenshot[39m
[35m[HTTP][39m [90m{}[39m
[35m[HTTP][39m [37m<-- GET /wd/hub/session/7ec8da18-a81d-4dd0-b2c3-216792f0b9b0/screenshot [39m[32m200[39m [90m954 ms - 100288[39m
[35m[HTTP][39m [90m[39m
[35m[HTTP][39m [37m-->[39m [37mGET[39m [37m/wd/hub/session/7ec8da18-a81d-4dd0-b2c3-216792f0b9b0/source[39m
[35m[HTTP][39m [90m{}[39m
[35m[W3C (7ec8da18)][39m Driver proxy active, passing request on via HTTP proxy
[35m[WD Proxy][39m Replacing sessionId 34c8b6da-cda9-4d26-842a-105d02c140fc with 7ec8da18-a81d-4dd0-b2c3-216792f0b9b0
[35m[HTTP][39m [37m<-- GET /wd/hub/session/7ec8da18-a81d-4dd0-b2c3-216792f0b9b0/source [39m[32m200[39m [90m586 ms - 8073[39m
[35m[HTTP][39m [90m[39m
[35m[HTTP][39m [37m-->[39m [37mGET[39m [37m/wd/hub/session/7ec8da18-a81d-4dd0-b2c3-216792f0b9b0/screenshot[39m
[35m[HTTP][39m [90m{}[39m
[35m[HTTP][39m [37m<-- GET /wd/hub/session/7ec8da18-a81d-4dd0-b2c3-216792f0b9b0/screenshot [39m[32m200[39m [90m4361 ms - 4082702[39m
[35m[HTTP][39m [90m[39m
[35m[HTTP][39m [37m-->[39m [37mDELETE[39m [37m/wd/hub/session/7ec8da18-a81d-4dd0-b2c3-216792f0b9b0[39m
[35m[HTTP][39m [90m{}[39m
[35m[Appium][39m Removing session 7ec8da18-a81d-4dd0-b2c3-216792f0b9b0 from our master session list
[35m[UiAutomator2][39m Restoring hidden api policy to the device default configuration
[35m[HTTP][39m [37m<-- DELETE /wd/hub/session/7ec8da18-a81d-4dd0-b2c3-216792f0b9b0 [39m[32m200[39m [90m489 ms - 14[39m
[35m[HTTP][39m [90m[39m
